<?xml version="1.0" encoding="UTF-8"?>
<!-- Generated by org.testng.reporters.JUnitReportReporter -->
<testsuite hostname="LAPTOP-LK04PM99" failures="0" tests="1" name="testClassPackage.Get_tc_1" time="6.223" errors="0" timestamp="2023-05-28T15:49:54 IST" skipped="0">
  <testcase classname="testClassPackage.Get_tc_1" name="execute" time="6.223"/>
  <system-out/>
</testsuite> <!-- testClassPackage.Get_tc_1 -->
